C:\USERS\GABRIELE\DESKTOP\DARBAS_VS_2012\DEBUG\KELIONES.OBJ
C:\USERS\GABRIELE\DESKTOP\DARBAS_VS_2012\DEBUG\KELIONE.OBJ
C:\USERS\GABRIELE\DESKTOP\DARBAS_VS_2012\DEBUG\FORMA_ATASKAITA.OBJ
C:\USERS\GABRIELE\DESKTOP\DARBAS_VS_2012\DEBUG\FORMA_KELIONESSANAUDOS.OBJ
C:\USERS\GABRIELE\DESKTOP\DARBAS_VS_2012\DEBUG\FORMA_PRIDETIAUTOMOBILI.OBJ
C:\USERS\GABRIELE\DESKTOP\DARBAS_VS_2012\DEBUG\FORMA_ISTRINTIAUTOMOBILI.OBJ
C:\USERS\GABRIELE\DESKTOP\DARBAS_VS_2012\DEBUG\FORMA_APIE.OBJ
C:\USERS\GABRIELE\DESKTOP\DARBAS_VS_2012\DEBUG\FORMA_AUTOMOBILIAI.OBJ
C:\USERS\GABRIELE\DESKTOP\DARBAS_VS_2012\DEBUG\FORMA_ATRANKOSFILTRAS.OBJ
C:\USERS\GABRIELE\DESKTOP\DARBAS_VS_2012\DEBUG\DUOMENYS.OBJ
C:\USERS\GABRIELE\DESKTOP\DARBAS_VS_2012\DEBUG\AUTOMOBILIS.OBJ
C:\USERS\GABRIELE\DESKTOP\DARBAS_VS_2012\DEBUG\AUTOMOBILIAI.OBJ
C:\USERS\GABRIELE\DESKTOP\DARBAS_VS_2012\DEBUG\ATASKAITOSATRANKA.OBJ
C:\USERS\GABRIELE\DESKTOP\DARBAS_VS_2012\DEBUG\ATASKAITA.OBJ
C:\USERS\GABRIELE\DESKTOP\DARBAS_VS_2012\DEBUG\VARTOTOJAS.OBJ
C:\USERS\GABRIELE\DESKTOP\DARBAS_VS_2012\DEBUG\VARTOTOJAI.OBJ
C:\USERS\GABRIELE\DESKTOP\DARBAS_VS_2012\DEBUG\SALYS.OBJ
C:\USERS\GABRIELE\DESKTOP\DARBAS_VS_2012\DEBUG\SALIS.OBJ
C:\USERS\GABRIELE\DESKTOP\DARBAS_VS_2012\DEBUG\PRISIJUNGIMAS.OBJ
C:\USERS\GABRIELE\DESKTOP\DARBAS_VS_2012\DEBUG\KUROTIPAS.OBJ
C:\USERS\GABRIELE\DESKTOP\DARBAS_VS_2012\DEBUG\KUROTIPAI.OBJ
C:\Users\Gabriele\Desktop\Darbas_VS_2012\Debug\Ataskaita.obj
C:\Users\Gabriele\Desktop\Darbas_VS_2012\Debug\AtaskaitosAtranka.obj
C:\Users\Gabriele\Desktop\Darbas_VS_2012\Debug\Automobiliai.obj
C:\Users\Gabriele\Desktop\Darbas_VS_2012\Debug\Automobilis.obj
C:\Users\Gabriele\Desktop\Darbas_VS_2012\Debug\Duomenys.obj
C:\Users\Gabriele\Desktop\Darbas_VS_2012\Debug\Forma_Apie.obj
C:\Users\Gabriele\Desktop\Darbas_VS_2012\Debug\Forma_Ataskaita.obj
C:\Users\Gabriele\Desktop\Darbas_VS_2012\Debug\Forma_AtrankosFiltras.obj
C:\Users\Gabriele\Desktop\Darbas_VS_2012\Debug\Forma_Automobiliai.obj
C:\Users\Gabriele\Desktop\Darbas_VS_2012\Debug\Forma_IstrintiAutomobili.obj
C:\Users\Gabriele\Desktop\Darbas_VS_2012\Debug\Forma_KelionesSanaudos.obj
C:\Users\Gabriele\Desktop\Darbas_VS_2012\Debug\Forma_PridetiAutomobili.obj
C:\Users\Gabriele\Desktop\Darbas_VS_2012\Debug\Kelione.obj
C:\Users\Gabriele\Desktop\Darbas_VS_2012\Debug\Keliones.obj
C:\Users\Gabriele\Desktop\Darbas_VS_2012\Debug\KuroTipai.obj
C:\Users\Gabriele\Desktop\Darbas_VS_2012\Debug\KuroTipas.obj
C:\Users\Gabriele\Desktop\Darbas_VS_2012\Debug\Prisijungimas.obj
C:\Users\Gabriele\Desktop\Darbas_VS_2012\Debug\Salis.obj
C:\Users\Gabriele\Desktop\Darbas_VS_2012\Debug\Salys.obj
C:\Users\Gabriele\Desktop\Darbas_VS_2012\Debug\Vartotojai.obj
C:\Users\Gabriele\Desktop\Darbas_VS_2012\Debug\Vartotojas.obj
C:\Users\Gabriele\Desktop\Darbas_VS_2012\Debug\cl.command.1.tlog
C:\Users\Gabriele\Desktop\Darbas_VS_2012\Debug\CL.read.1.tlog
C:\Users\Gabriele\Desktop\Darbas_VS_2012\Debug\CL.write.1.tlog
C:\Users\Gabriele\Desktop\Darbas_VS_2012\Debug\metagen.write.1.tlog
C:\Users\Gabriele\Desktop\Darbas_VS_2012\Debug\vc110.pdb
